Mar 25, 2025 3:53:49 PM Client.common.connection.ClientConnection <clinit>
INFO: Detected IP Address: 192.168.0.105
Mar 25, 2025 3:53:49 PM Client.common.connection.ClientConnection <init>
INFO: 
ClientConnection: Attempting to connect to server...
Mar 25, 2025 3:53:49 PM Client.common.connection.ClientConnection <init>
INFO: 
ClientConnection: Connected to server successfully!
Mar 25, 2025 4:17:51 PM Client.common.connection.ClientConnection <clinit>
INFO: Detected IP Address: 192.168.0.105
Mar 25, 2025 4:17:51 PM Client.common.connection.ClientConnection <init>
INFO: 
ClientConnection: Attempting to connect to server...
Mar 25, 2025 4:17:51 PM Client.common.connection.ClientConnection <init>
INFO: 
ClientConnection: Connected to server successfully!
Mar 25, 2025 4:18:00 PM Client.common.connection.ClientConnection <clinit>
INFO: Detected IP Address: 192.168.0.105
Mar 25, 2025 4:18:00 PM Client.common.connection.ClientConnection <init>
INFO: 
ClientConnection: Attempting to connect to server...
Mar 25, 2025 4:18:02 PM Client.common.connection.ClientConnection <init>
WARNING: ⚠ Server is not running. The client will continue in offline mode.
Mar 25, 2025 4:18:02 PM Client.common.connection.ClientConnection <init>
WARNING: ⚠ Connection failed. Retrying in 5 seconds...
Mar 25, 2025 4:18:09 PM Client.common.connection.ClientConnection <init>
WARNING: ⚠ Server is not running. The client will continue in offline mode.
Mar 25, 2025 4:18:09 PM Client.common.connection.ClientConnection <init>
WARNING: ⚠ Connection failed. Retrying in 5 seconds...
Mar 25, 2025 4:18:16 PM Client.common.connection.ClientConnection <init>
WARNING: ⚠ Server is not running. The client will continue in offline mode.
Mar 25, 2025 4:18:16 PM Client.common.connection.ClientConnection <init>
WARNING: ⚠ Connection failed. Retrying in 5 seconds...
Mar 25, 2025 4:18:37 PM Client.common.connection.ClientConnection <clinit>
INFO: Detected IP Address: 192.168.0.105
Mar 25, 2025 4:18:37 PM Client.common.connection.ClientConnection <init>
INFO: 
ClientConnection: Attempting to connect to server...
Mar 25, 2025 4:18:39 PM Client.common.connection.ClientConnection <init>
WARNING: ⚠ Server is not running. The client will continue in offline mode.
Mar 25, 2025 4:18:39 PM Client.common.connection.ClientConnection <init>
WARNING: ⚠ Connection failed. Retrying in 5 seconds...
Mar 25, 2025 4:18:46 PM Client.common.connection.ClientConnection <init>
WARNING: ⚠ Server is not running. The client will continue in offline mode.
Mar 25, 2025 4:18:46 PM Client.common.connection.ClientConnection <init>
WARNING: ⚠ Connection failed. Retrying in 5 seconds...
Mar 25, 2025 4:18:53 PM Client.common.connection.ClientConnection <init>
WARNING: ⚠ Server is not running. The client will continue in offline mode.
Mar 25, 2025 4:18:53 PM Client.common.connection.ClientConnection <init>
WARNING: ⚠ Connection failed. Retrying in 5 seconds...
Mar 25, 2025 4:19:00 PM Client.common.connection.ClientConnection <init>
WARNING: ⚠ Server is not running. The client will continue in offline mode.
Mar 25, 2025 4:19:00 PM Client.common.connection.ClientConnection <init>
WARNING: ⚠ Connection failed. Retrying in 5 seconds...
Mar 25, 2025 4:19:07 PM Client.common.connection.ClientConnection <init>
WARNING: ⚠ Server is not running. The client will continue in offline mode.
Mar 25, 2025 4:19:07 PM Client.common.connection.ClientConnection <init>
WARNING: ⚠ Connection failed. Retrying in 5 seconds...
Mar 25, 2025 4:19:14 PM Client.common.connection.ClientConnection <init>
WARNING: ⚠ Server is not running. The client will continue in offline mode.
Mar 25, 2025 4:19:14 PM Client.common.connection.ClientConnection <init>
WARNING: ⚠ Connection failed. Retrying in 5 seconds...
Mar 25, 2025 4:19:21 PM Client.common.connection.ClientConnection <init>
WARNING: ⚠ Server is not running. The client will continue in offline mode.
Mar 25, 2025 4:19:21 PM Client.common.connection.ClientConnection <init>
WARNING: ⚠ Connection failed. Retrying in 5 seconds...
Mar 25, 2025 4:19:28 PM Client.common.connection.ClientConnection <init>
WARNING: ⚠ Server is not running. The client will continue in offline mode.
Mar 25, 2025 4:19:28 PM Client.common.connection.ClientConnection <init>
WARNING: ⚠ Connection failed. Retrying in 5 seconds...
Mar 25, 2025 4:19:35 PM Client.common.connection.ClientConnection <init>
WARNING: ⚠ Server is not running. The client will continue in offline mode.
Mar 25, 2025 4:19:35 PM Client.common.connection.ClientConnection <init>
WARNING: ⚠ Connection failed. Retrying in 5 seconds...
Mar 25, 2025 4:19:42 PM Client.common.connection.ClientConnection <init>
WARNING: ⚠ Server is not running. The client will continue in offline mode.
Mar 25, 2025 4:19:42 PM Client.common.connection.ClientConnection <init>
WARNING: ⚠ Connection failed. Retrying in 5 seconds...
Mar 25, 2025 4:19:49 PM Client.common.connection.ClientConnection <init>
WARNING: ⚠ Server is not running. The client will continue in offline mode.
Mar 25, 2025 4:19:49 PM Client.common.connection.ClientConnection <init>
WARNING: ⚠ Connection failed. Retrying in 5 seconds...
Mar 25, 2025 4:19:56 PM Client.common.connection.ClientConnection <init>
WARNING: ⚠ Server is not running. The client will continue in offline mode.
Mar 25, 2025 4:19:56 PM Client.common.connection.ClientConnection <init>
WARNING: ⚠ Connection failed. Retrying in 5 seconds...
Mar 25, 2025 4:20:03 PM Client.common.connection.ClientConnection <init>
WARNING: ⚠ Server is not running. The client will continue in offline mode.
Mar 25, 2025 4:20:03 PM Client.common.connection.ClientConnection <init>
WARNING: ⚠ Connection failed. Retrying in 5 seconds...
Mar 25, 2025 4:20:10 PM Client.common.connection.ClientConnection <init>
WARNING: ⚠ Server is not running. The client will continue in offline mode.
Mar 25, 2025 4:20:10 PM Client.common.connection.ClientConnection <init>
WARNING: ⚠ Connection failed. Retrying in 5 seconds...
Mar 25, 2025 4:20:17 PM Client.common.connection.ClientConnection <init>
WARNING: ⚠ Server is not running. The client will continue in offline mode.
Mar 25, 2025 4:20:17 PM Client.common.connection.ClientConnection <init>
WARNING: ⚠ Connection failed. Retrying in 5 seconds...
Mar 25, 2025 4:20:24 PM Client.common.connection.ClientConnection <init>
WARNING: ⚠ Server is not running. The client will continue in offline mode.
Mar 25, 2025 4:20:24 PM Client.common.connection.ClientConnection <init>
WARNING: ⚠ Connection failed. Retrying in 5 seconds...
Mar 25, 2025 4:20:31 PM Client.common.connection.ClientConnection <init>
WARNING: ⚠ Server is not running. The client will continue in offline mode.
Mar 25, 2025 4:20:31 PM Client.common.connection.ClientConnection <init>
WARNING: ⚠ Connection failed. Retrying in 5 seconds...
Mar 25, 2025 4:20:38 PM Client.common.connection.ClientConnection <init>
WARNING: ⚠ Server is not running. The client will continue in offline mode.
Mar 25, 2025 4:20:38 PM Client.common.connection.ClientConnection <init>
WARNING: ⚠ Connection failed. Retrying in 5 seconds...
Mar 25, 2025 4:20:45 PM Client.common.connection.ClientConnection <init>
WARNING: ⚠ Server is not running. The client will continue in offline mode.
Mar 25, 2025 4:20:45 PM Client.common.connection.ClientConnection <init>
WARNING: ⚠ Connection failed. Retrying in 5 seconds...
Mar 25, 2025 4:20:52 PM Client.common.connection.ClientConnection <init>
WARNING: ⚠ Server is not running. The client will continue in offline mode.
Mar 25, 2025 4:20:52 PM Client.common.connection.ClientConnection <init>
WARNING: ⚠ Connection failed. Retrying in 5 seconds...
Mar 25, 2025 4:20:59 PM Client.common.connection.ClientConnection <init>
WARNING: ⚠ Server is not running. The client will continue in offline mode.
Mar 25, 2025 4:20:59 PM Client.common.connection.ClientConnection <init>
WARNING: ⚠ Connection failed. Retrying in 5 seconds...
Mar 25, 2025 4:21:06 PM Client.common.connection.ClientConnection <init>
WARNING: ⚠ Server is not running. The client will continue in offline mode.
Mar 25, 2025 4:21:06 PM Client.common.connection.ClientConnection <init>
WARNING: ⚠ Connection failed. Retrying in 5 seconds...
Mar 25, 2025 4:21:13 PM Client.common.connection.ClientConnection <init>
WARNING: ⚠ Server is not running. The client will continue in offline mode.
Mar 25, 2025 4:21:13 PM Client.common.connection.ClientConnection <init>
WARNING: ⚠ Connection failed. Retrying in 5 seconds...
Mar 25, 2025 4:21:20 PM Client.common.connection.ClientConnection <init>
WARNING: ⚠ Server is not running. The client will continue in offline mode.
Mar 25, 2025 4:21:20 PM Client.common.connection.ClientConnection <init>
WARNING: ⚠ Connection failed. Retrying in 5 seconds...
Mar 25, 2025 4:21:28 PM Client.common.connection.ClientConnection <init>
WARNING: ⚠ Server is not running. The client will continue in offline mode.
Mar 25, 2025 4:21:28 PM Client.common.connection.ClientConnection <init>
WARNING: ⚠ Connection failed. Retrying in 5 seconds...
Mar 25, 2025 4:21:35 PM Client.common.connection.ClientConnection <init>
WARNING: ⚠ Server is not running. The client will continue in offline mode.
Mar 25, 2025 4:21:35 PM Client.common.connection.ClientConnection <init>
WARNING: ⚠ Connection failed. Retrying in 5 seconds...
Mar 25, 2025 4:21:42 PM Client.common.connection.ClientConnection <init>
WARNING: ⚠ Server is not running. The client will continue in offline mode.
Mar 25, 2025 4:21:42 PM Client.common.connection.ClientConnection <init>
WARNING: ⚠ Connection failed. Retrying in 5 seconds...
Mar 25, 2025 4:21:49 PM Client.common.connection.ClientConnection <init>
WARNING: ⚠ Server is not running. The client will continue in offline mode.
Mar 25, 2025 4:21:49 PM Client.common.connection.ClientConnection <init>
WARNING: ⚠ Connection failed. Retrying in 5 seconds...
Mar 25, 2025 4:21:56 PM Client.common.connection.ClientConnection <init>
WARNING: ⚠ Server is not running. The client will continue in offline mode.
Mar 25, 2025 4:21:56 PM Client.common.connection.ClientConnection <init>
WARNING: ⚠ Connection failed. Retrying in 5 seconds...
Mar 25, 2025 4:22:03 PM Client.common.connection.ClientConnection <init>
WARNING: ⚠ Server is not running. The client will continue in offline mode.
Mar 25, 2025 4:22:03 PM Client.common.connection.ClientConnection <init>
WARNING: ⚠ Connection failed. Retrying in 5 seconds...
Mar 25, 2025 4:22:10 PM Client.common.connection.ClientConnection <init>
WARNING: ⚠ Server is not running. The client will continue in offline mode.
Mar 25, 2025 4:22:10 PM Client.common.connection.ClientConnection <init>
WARNING: ⚠ Connection failed. Retrying in 5 seconds...
Mar 25, 2025 4:22:17 PM Client.common.connection.ClientConnection <init>
WARNING: ⚠ Server is not running. The client will continue in offline mode.
Mar 25, 2025 4:22:17 PM Client.common.connection.ClientConnection <init>
WARNING: ⚠ Connection failed. Retrying in 5 seconds...
Mar 25, 2025 4:22:24 PM Client.common.connection.ClientConnection <init>
WARNING: ⚠ Server is not running. The client will continue in offline mode.
Mar 25, 2025 4:22:24 PM Client.common.connection.ClientConnection <init>
WARNING: ⚠ Connection failed. Retrying in 5 seconds...
Mar 25, 2025 4:22:31 PM Client.common.connection.ClientConnection <init>
WARNING: ⚠ Server is not running. The client will continue in offline mode.
Mar 25, 2025 4:22:31 PM Client.common.connection.ClientConnection <init>
WARNING: ⚠ Connection failed. Retrying in 5 seconds...
Mar 25, 2025 4:22:38 PM Client.common.connection.ClientConnection <init>
WARNING: ⚠ Server is not running. The client will continue in offline mode.
Mar 25, 2025 4:22:38 PM Client.common.connection.ClientConnection <init>
WARNING: ⚠ Connection failed. Retrying in 5 seconds...
Mar 25, 2025 4:22:45 PM Client.common.connection.ClientConnection <init>
WARNING: ⚠ Server is not running. The client will continue in offline mode.
Mar 25, 2025 4:22:45 PM Client.common.connection.ClientConnection <init>
WARNING: ⚠ Connection failed. Retrying in 5 seconds...
Mar 25, 2025 4:22:52 PM Client.common.connection.ClientConnection <init>
WARNING: ⚠ Server is not running. The client will continue in offline mode.
Mar 25, 2025 4:22:52 PM Client.common.connection.ClientConnection <init>
WARNING: ⚠ Connection failed. Retrying in 5 seconds...
Mar 25, 2025 4:22:59 PM Client.common.connection.ClientConnection <init>
WARNING: ⚠ Server is not running. The client will continue in offline mode.
Mar 25, 2025 4:22:59 PM Client.common.connection.ClientConnection <init>
WARNING: ⚠ Connection failed. Retrying in 5 seconds...
Mar 25, 2025 4:23:06 PM Client.common.connection.ClientConnection <init>
WARNING: ⚠ Server is not running. The client will continue in offline mode.
Mar 25, 2025 4:23:06 PM Client.common.connection.ClientConnection <init>
WARNING: ⚠ Connection failed. Retrying in 5 seconds...
Mar 25, 2025 4:23:13 PM Client.common.connection.ClientConnection <init>
WARNING: ⚠ Server is not running. The client will continue in offline mode.
Mar 25, 2025 4:23:13 PM Client.common.connection.ClientConnection <init>
WARNING: ⚠ Connection failed. Retrying in 5 seconds...
Mar 25, 2025 4:23:20 PM Client.common.connection.ClientConnection <init>
WARNING: ⚠ Server is not running. The client will continue in offline mode.
Mar 25, 2025 4:23:20 PM Client.common.connection.ClientConnection <init>
WARNING: ⚠ Connection failed. Retrying in 5 seconds...
Mar 25, 2025 4:23:27 PM Client.common.connection.ClientConnection <init>
WARNING: ⚠ Server is not running. The client will continue in offline mode.
Mar 25, 2025 4:23:27 PM Client.common.connection.ClientConnection <init>
WARNING: ⚠ Connection failed. Retrying in 5 seconds...
Mar 25, 2025 4:23:34 PM Client.common.connection.ClientConnection <init>
WARNING: ⚠ Server is not running. The client will continue in offline mode.
Mar 25, 2025 4:23:34 PM Client.common.connection.ClientConnection <init>
WARNING: ⚠ Connection failed. Retrying in 5 seconds...
Mar 25, 2025 4:23:41 PM Client.common.connection.ClientConnection <init>
WARNING: ⚠ Server is not running. The client will continue in offline mode.
Mar 25, 2025 4:23:41 PM Client.common.connection.ClientConnection <init>
WARNING: ⚠ Connection failed. Retrying in 5 seconds...
Mar 25, 2025 4:23:48 PM Client.common.connection.ClientConnection <init>
WARNING: ⚠ Server is not running. The client will continue in offline mode.
Mar 25, 2025 4:23:48 PM Client.common.connection.ClientConnection <init>
WARNING: ⚠ Connection failed. Retrying in 5 seconds...
Mar 25, 2025 4:23:55 PM Client.common.connection.ClientConnection <init>
WARNING: ⚠ Server is not running. The client will continue in offline mode.
Mar 25, 2025 4:23:55 PM Client.common.connection.ClientConnection <init>
WARNING: ⚠ Connection failed. Retrying in 5 seconds...
Mar 25, 2025 4:24:02 PM Client.common.connection.ClientConnection <init>
WARNING: ⚠ Server is not running. The client will continue in offline mode.
Mar 25, 2025 4:24:02 PM Client.common.connection.ClientConnection <init>
WARNING: ⚠ Connection failed. Retrying in 5 seconds...
Mar 25, 2025 4:24:10 PM Client.common.connection.ClientConnection <init>
WARNING: ⚠ Server is not running. The client will continue in offline mode.
Mar 25, 2025 4:24:10 PM Client.common.connection.ClientConnection <init>
WARNING: ⚠ Connection failed. Retrying in 5 seconds...
Mar 25, 2025 4:24:17 PM Client.common.connection.ClientConnection <init>
WARNING: ⚠ Server is not running. The client will continue in offline mode.
Mar 25, 2025 4:24:17 PM Client.common.connection.ClientConnection <init>
WARNING: ⚠ Connection failed. Retrying in 5 seconds...
Mar 25, 2025 4:24:24 PM Client.common.connection.ClientConnection <init>
WARNING: ⚠ Server is not running. The client will continue in offline mode.
Mar 25, 2025 4:24:24 PM Client.common.connection.ClientConnection <init>
WARNING: ⚠ Connection failed. Retrying in 5 seconds...
Mar 25, 2025 4:24:31 PM Client.common.connection.ClientConnection <init>
WARNING: ⚠ Server is not running. The client will continue in offline mode.
Mar 25, 2025 4:24:31 PM Client.common.connection.ClientConnection <init>
WARNING: ⚠ Connection failed. Retrying in 5 seconds...
Mar 25, 2025 4:24:38 PM Client.common.connection.ClientConnection <init>
WARNING: ⚠ Server is not running. The client will continue in offline mode.
Mar 25, 2025 4:24:38 PM Client.common.connection.ClientConnection <init>
WARNING: ⚠ Connection failed. Retrying in 5 seconds...
Mar 25, 2025 4:24:45 PM Client.common.connection.ClientConnection <init>
WARNING: ⚠ Server is not running. The client will continue in offline mode.
Mar 25, 2025 4:24:45 PM Client.common.connection.ClientConnection <init>
WARNING: ⚠ Connection failed. Retrying in 5 seconds...
Mar 25, 2025 4:24:52 PM Client.common.connection.ClientConnection <init>
WARNING: ⚠ Server is not running. The client will continue in offline mode.
Mar 25, 2025 4:24:52 PM Client.common.connection.ClientConnection <init>
WARNING: ⚠ Connection failed. Retrying in 5 seconds...
Mar 25, 2025 4:24:59 PM Client.common.connection.ClientConnection <init>
WARNING: ⚠ Server is not running. The client will continue in offline mode.
Mar 25, 2025 4:24:59 PM Client.common.connection.ClientConnection <init>
WARNING: ⚠ Connection failed. Retrying in 5 seconds...
Mar 25, 2025 4:25:06 PM Client.common.connection.ClientConnection <init>
WARNING: ⚠ Server is not running. The client will continue in offline mode.
Mar 25, 2025 4:25:06 PM Client.common.connection.ClientConnection <init>
WARNING: ⚠ Connection failed. Retrying in 5 seconds...
Mar 25, 2025 4:25:13 PM Client.common.connection.ClientConnection <init>
WARNING: ⚠ Server is not running. The client will continue in offline mode.
Mar 25, 2025 4:25:13 PM Client.common.connection.ClientConnection <init>
WARNING: ⚠ Connection failed. Retrying in 5 seconds...
Mar 25, 2025 4:25:20 PM Client.common.connection.ClientConnection <init>
WARNING: ⚠ Server is not running. The client will continue in offline mode.
Mar 25, 2025 4:25:20 PM Client.common.connection.ClientConnection <init>
WARNING: ⚠ Connection failed. Retrying in 5 seconds...
Mar 25, 2025 4:25:27 PM Client.common.connection.ClientConnection <init>
WARNING: ⚠ Server is not running. The client will continue in offline mode.
Mar 25, 2025 4:25:27 PM Client.common.connection.ClientConnection <init>
WARNING: ⚠ Connection failed. Retrying in 5 seconds...
Mar 25, 2025 4:25:34 PM Client.common.connection.ClientConnection <init>
WARNING: ⚠ Server is not running. The client will continue in offline mode.
Mar 25, 2025 4:25:34 PM Client.common.connection.ClientConnection <init>
WARNING: ⚠ Connection failed. Retrying in 5 seconds...
Mar 25, 2025 4:25:41 PM Client.common.connection.ClientConnection <init>
WARNING: ⚠ Server is not running. The client will continue in offline mode.
Mar 25, 2025 4:25:41 PM Client.common.connection.ClientConnection <init>
WARNING: ⚠ Connection failed. Retrying in 5 seconds...
Mar 25, 2025 4:25:48 PM Client.common.connection.ClientConnection <init>
WARNING: ⚠ Server is not running. The client will continue in offline mode.
Mar 25, 2025 4:25:48 PM Client.common.connection.ClientConnection <init>
WARNING: ⚠ Connection failed. Retrying in 5 seconds...
Mar 25, 2025 4:25:55 PM Client.common.connection.ClientConnection <init>
WARNING: ⚠ Server is not running. The client will continue in offline mode.
Mar 25, 2025 4:25:55 PM Client.common.connection.ClientConnection <init>
WARNING: ⚠ Connection failed. Retrying in 5 seconds...
Mar 25, 2025 4:26:02 PM Client.common.connection.ClientConnection <init>
WARNING: ⚠ Server is not running. The client will continue in offline mode.
Mar 25, 2025 4:26:02 PM Client.common.connection.ClientConnection <init>
WARNING: ⚠ Connection failed. Retrying in 5 seconds...
Mar 25, 2025 4:26:09 PM Client.common.connection.ClientConnection <init>
WARNING: ⚠ Server is not running. The client will continue in offline mode.
Mar 25, 2025 4:26:09 PM Client.common.connection.ClientConnection <init>
WARNING: ⚠ Connection failed. Retrying in 5 seconds...
Mar 25, 2025 4:26:16 PM Client.common.connection.ClientConnection <init>
WARNING: ⚠ Server is not running. The client will continue in offline mode.
Mar 25, 2025 4:26:16 PM Client.common.connection.ClientConnection <init>
WARNING: ⚠ Connection failed. Retrying in 5 seconds...
Mar 25, 2025 4:26:23 PM Client.common.connection.ClientConnection <init>
WARNING: ⚠ Server is not running. The client will continue in offline mode.
Mar 25, 2025 4:26:23 PM Client.common.connection.ClientConnection <init>
WARNING: ⚠ Connection failed. Retrying in 5 seconds...
Mar 25, 2025 4:26:30 PM Client.common.connection.ClientConnection <init>
WARNING: ⚠ Server is not running. The client will continue in offline mode.
Mar 25, 2025 4:26:30 PM Client.common.connection.ClientConnection <init>
WARNING: ⚠ Connection failed. Retrying in 5 seconds...
Mar 25, 2025 4:26:37 PM Client.common.connection.ClientConnection <init>
WARNING: ⚠ Server is not running. The client will continue in offline mode.
Mar 25, 2025 4:26:37 PM Client.common.connection.ClientConnection <init>
WARNING: ⚠ Connection failed. Retrying in 5 seconds...
Mar 25, 2025 4:26:44 PM Client.common.connection.ClientConnection <init>
WARNING: ⚠ Server is not running. The client will continue in offline mode.
Mar 25, 2025 4:26:44 PM Client.common.connection.ClientConnection <init>
WARNING: ⚠ Connection failed. Retrying in 5 seconds...
Mar 25, 2025 4:26:51 PM Client.common.connection.ClientConnection <init>
WARNING: ⚠ Server is not running. The client will continue in offline mode.
Mar 25, 2025 4:26:51 PM Client.common.connection.ClientConnection <init>
WARNING: ⚠ Connection failed. Retrying in 5 seconds...
Mar 25, 2025 4:26:59 PM Client.common.connection.ClientConnection <init>
WARNING: ⚠ Server is not running. The client will continue in offline mode.
Mar 25, 2025 4:26:59 PM Client.common.connection.ClientConnection <init>
WARNING: ⚠ Connection failed. Retrying in 5 seconds...
Mar 25, 2025 4:27:06 PM Client.common.connection.ClientConnection <init>
WARNING: ⚠ Server is not running. The client will continue in offline mode.
Mar 25, 2025 4:27:06 PM Client.common.connection.ClientConnection <init>
WARNING: ⚠ Connection failed. Retrying in 5 seconds...
Mar 25, 2025 4:27:13 PM Client.common.connection.ClientConnection <init>
WARNING: ⚠ Server is not running. The client will continue in offline mode.
Mar 25, 2025 4:27:13 PM Client.common.connection.ClientConnection <init>
WARNING: ⚠ Connection failed. Retrying in 5 seconds...
Mar 25, 2025 4:27:20 PM Client.common.connection.ClientConnection <init>
WARNING: ⚠ Server is not running. The client will continue in offline mode.
Mar 25, 2025 4:27:20 PM Client.common.connection.ClientConnection <init>
WARNING: ⚠ Connection failed. Retrying in 5 seconds...
Mar 25, 2025 4:27:27 PM Client.common.connection.ClientConnection <init>
WARNING: ⚠ Server is not running. The client will continue in offline mode.
Mar 25, 2025 4:27:27 PM Client.common.connection.ClientConnection <init>
WARNING: ⚠ Connection failed. Retrying in 5 seconds...
Mar 25, 2025 4:27:34 PM Client.common.connection.ClientConnection <init>
WARNING: ⚠ Server is not running. The client will continue in offline mode.
Mar 25, 2025 4:27:34 PM Client.common.connection.ClientConnection <init>
WARNING: ⚠ Connection failed. Retrying in 5 seconds...
Mar 25, 2025 4:27:41 PM Client.common.connection.ClientConnection <init>
WARNING: ⚠ Server is not running. The client will continue in offline mode.
Mar 25, 2025 4:27:41 PM Client.common.connection.ClientConnection <init>
WARNING: ⚠ Connection failed. Retrying in 5 seconds...
Mar 25, 2025 4:27:48 PM Client.common.connection.ClientConnection <init>
WARNING: ⚠ Server is not running. The client will continue in offline mode.
Mar 25, 2025 4:27:48 PM Client.common.connection.ClientConnection <init>
WARNING: ⚠ Connection failed. Retrying in 5 seconds...
Mar 25, 2025 4:27:55 PM Client.common.connection.ClientConnection <init>
WARNING: ⚠ Server is not running. The client will continue in offline mode.
Mar 25, 2025 4:27:55 PM Client.common.connection.ClientConnection <init>
WARNING: ⚠ Connection failed. Retrying in 5 seconds...
Mar 25, 2025 4:28:02 PM Client.common.connection.ClientConnection <init>
WARNING: ⚠ Server is not running. The client will continue in offline mode.
Mar 25, 2025 4:28:02 PM Client.common.connection.ClientConnection <init>
WARNING: ⚠ Connection failed. Retrying in 5 seconds...
Mar 25, 2025 4:28:09 PM Client.common.connection.ClientConnection <init>
WARNING: ⚠ Server is not running. The client will continue in offline mode.
Mar 25, 2025 4:28:09 PM Client.common.connection.ClientConnection <init>
WARNING: ⚠ Connection failed. Retrying in 5 seconds...
Mar 25, 2025 4:28:16 PM Client.common.connection.ClientConnection <init>
WARNING: ⚠ Server is not running. The client will continue in offline mode.
Mar 25, 2025 4:28:16 PM Client.common.connection.ClientConnection <init>
WARNING: ⚠ Connection failed. Retrying in 5 seconds...
Mar 25, 2025 4:28:23 PM Client.common.connection.ClientConnection <init>
WARNING: ⚠ Server is not running. The client will continue in offline mode.
Mar 25, 2025 4:28:23 PM Client.common.connection.ClientConnection <init>
WARNING: ⚠ Connection failed. Retrying in 5 seconds...
Mar 25, 2025 4:28:30 PM Client.common.connection.ClientConnection <init>
WARNING: ⚠ Server is not running. The client will continue in offline mode.
Mar 25, 2025 4:28:30 PM Client.common.connection.ClientConnection <init>
WARNING: ⚠ Connection failed. Retrying in 5 seconds...
Mar 25, 2025 4:28:35 PM Client.common.connection.ClientConnection <init>
WARNING: ⚠ Server is not running. The client will continue in offline mode.
Mar 25, 2025 4:28:35 PM Client.common.connection.ClientConnection <init>
WARNING: ⚠ Connection failed. Retrying in 5 seconds...
Mar 25, 2025 4:28:42 PM Client.common.connection.ClientConnection <init>
WARNING: ⚠ Server is not running. The client will continue in offline mode.
Mar 25, 2025 4:28:42 PM Client.common.connection.ClientConnection <init>
WARNING: ⚠ Connection failed. Retrying in 5 seconds...
Mar 25, 2025 4:28:49 PM Client.common.connection.ClientConnection <init>
WARNING: ⚠ Server is not running. The client will continue in offline mode.
Mar 25, 2025 4:28:49 PM Client.common.connection.ClientConnection <init>
WARNING: ⚠ Connection failed. Retrying in 5 seconds...
Mar 25, 2025 4:28:56 PM Client.common.connection.ClientConnection <init>
WARNING: ⚠ Server is not running. The client will continue in offline mode.
Mar 25, 2025 4:28:56 PM Client.common.connection.ClientConnection <init>
WARNING: ⚠ Connection failed. Retrying in 5 seconds...
Mar 25, 2025 4:29:03 PM Client.common.connection.ClientConnection <init>
WARNING: ⚠ Server is not running. The client will continue in offline mode.
Mar 25, 2025 4:29:03 PM Client.common.connection.ClientConnection <init>
WARNING: ⚠ Connection failed. Retrying in 5 seconds...
Mar 25, 2025 4:29:10 PM Client.common.connection.ClientConnection <init>
WARNING: ⚠ Server is not running. The client will continue in offline mode.
Mar 25, 2025 4:29:10 PM Client.common.connection.ClientConnection <init>
WARNING: ⚠ Connection failed. Retrying in 5 seconds...
Mar 25, 2025 4:29:17 PM Client.common.connection.ClientConnection <init>
WARNING: ⚠ Server is not running. The client will continue in offline mode.
Mar 25, 2025 4:29:17 PM Client.common.connection.ClientConnection <init>
WARNING: ⚠ Connection failed. Retrying in 5 seconds...
Mar 25, 2025 4:29:24 PM Client.common.connection.ClientConnection <init>
WARNING: ⚠ Server is not running. The client will continue in offline mode.
Mar 25, 2025 4:29:24 PM Client.common.connection.ClientConnection <init>
WARNING: ⚠ Connection failed. Retrying in 5 seconds...
Mar 25, 2025 4:29:32 PM Client.common.connection.ClientConnection <init>
WARNING: ⚠ Server is not running. The client will continue in offline mode.
Mar 25, 2025 4:29:32 PM Client.common.connection.ClientConnection <init>
WARNING: ⚠ Connection failed. Retrying in 5 seconds...
Mar 25, 2025 4:29:39 PM Client.common.connection.ClientConnection <init>
WARNING: ⚠ Server is not running. The client will continue in offline mode.
Mar 25, 2025 4:29:39 PM Client.common.connection.ClientConnection <init>
WARNING: ⚠ Connection failed. Retrying in 5 seconds...
Mar 25, 2025 4:29:46 PM Client.common.connection.ClientConnection <init>
WARNING: ⚠ Server is not running. The client will continue in offline mode.
Mar 25, 2025 4:29:46 PM Client.common.connection.ClientConnection <init>
WARNING: ⚠ Connection failed. Retrying in 5 seconds...
Mar 25, 2025 4:45:41 PM Client.common.connection.ClientConnection <clinit>
INFO: Detected IP Address: 192.168.0.105
Mar 25, 2025 4:45:41 PM Client.common.connection.ClientConnection <init>
INFO: 
ClientConnection: Attempting to connect to server...
Mar 25, 2025 4:45:43 PM Client.common.connection.ClientConnection <init>
WARNING: ⚠ Server is not running. The client will continue in offline mode.
Mar 25, 2025 4:45:43 PM Client.common.connection.ClientConnection <init>
WARNING: ⚠ Connection failed. Retrying in 5 seconds...
Mar 25, 2025 4:45:48 PM Client.common.connection.ClientConnection <init>
INFO: 
ClientConnection: Connected to server successfully!
Mar 25, 2025 4:50:26 PM Client.common.connection.ClientConnection <clinit>
INFO: Detected IP Address: 192.168.0.105
Mar 25, 2025 4:50:26 PM Client.common.connection.ClientConnection <init>
INFO: 
ClientConnection: Attempting to connect to server...
Mar 25, 2025 4:50:26 PM Client.common.connection.ClientConnection <init>
INFO: 
ClientConnection: Connected to server successfully!
Mar 25, 2025 4:54:51 PM Client.common.connection.ClientConnection <clinit>
INFO: Detected IP Address: 192.168.0.105
Mar 25, 2025 4:54:51 PM Client.common.connection.ClientConnection <init>
INFO: 
ClientConnection: Attempting to connect to server...
Mar 25, 2025 4:54:51 PM Client.common.connection.ClientConnection <init>
INFO: 
ClientConnection: Connected to server successfully!
Mar 25, 2025 4:56:10 PM Client.common.connection.ClientConnection <clinit>
INFO: Detected IP Address: 192.168.0.105
Mar 25, 2025 4:56:10 PM Client.common.connection.ClientConnection <init>
INFO: 
ClientConnection: Attempting to connect to server...
Mar 25, 2025 4:56:10 PM Client.common.connection.ClientConnection <init>
INFO: 
ClientConnection: Connected to server successfully!
Mar 25, 2025 5:04:50 PM Client.common.connection.ClientConnection <clinit>
INFO: Detected IP Address: 192.168.0.105
Mar 25, 2025 5:04:50 PM Client.common.connection.ClientConnection <init>
INFO: 
ClientConnection: Attempting to connect to server...
Mar 25, 2025 5:04:50 PM Client.common.connection.ClientConnection <init>
INFO: 
ClientConnection: Connected to server successfully!
Mar 25, 2025 5:07:04 PM Client.common.connection.ClientConnection <clinit>
INFO: Detected IP Address: 192.168.0.105
Mar 25, 2025 5:07:04 PM Client.common.connection.ClientConnection <init>
INFO: 
ClientConnection: Attempting to connect to server...
Mar 25, 2025 5:07:04 PM Client.common.connection.ClientConnection <init>
INFO: 
ClientConnection: Connected to server successfully!
Mar 25, 2025 5:07:22 PM Client.common.connection.ClientConnection <clinit>
INFO: Detected IP Address: 192.168.0.105
Mar 25, 2025 5:07:22 PM Client.common.connection.ClientConnection <init>
INFO: 
ClientConnection: Attempting to connect to server...
Mar 25, 2025 5:07:24 PM Client.common.connection.ClientConnection <init>
WARNING: ⚠ Server is not running. The client will continue in offline mode.
Mar 25, 2025 5:07:24 PM Client.common.connection.ClientConnection <init>
WARNING: ⚠ Connection failed. Retrying in 5 seconds...
Mar 25, 2025 5:07:29 PM Client.common.connection.ClientConnection <init>
INFO: 
ClientConnection: Connected to server successfully!
Mar 25, 2025 5:13:35 PM Client.Player.controller.GameController setQuestions
INFO: 
GameController: Loaded 20 shuffled questions for category: PROBABILITY
Mar 25, 2025 5:13:36 PM Client.Player.controller.GameController checkAnswer
INFO: 
GameController: Correct answer for question: In a bag of 5 red marbles, 3 green marbles, and 2 blue marbles, what is the probability of drawing a green marble?
Mar 25, 2025 5:13:36 PM Client.Player.controller.GameController updateComboUI
INFO: 
GameController: Updating combo display: 1
Mar 25, 2025 5:13:37 PM Client.Player.controller.GameController checkAnswer
WARNING: 
GameController: Wrong answer for question: What is the probability of getting a prime number when rolling a standard six-sided die?
Mar 25, 2025 5:13:37 PM Client.Player.controller.GameController updateComboUI
INFO: 
GameController: Updating combo display: 0
Mar 25, 2025 5:13:38 PM Client.Player.controller.GameController checkAnswer
INFO: 
GameController: Correct answer for question: If you flip two coins, what is the probability of getting two tails?
Mar 25, 2025 5:13:38 PM Client.Player.controller.GameController updateComboUI
INFO: 
GameController: Updating combo display: 1
Mar 25, 2025 5:13:40 PM Client.Player.controller.GameController checkAnswer
WARNING: 
GameController: Wrong answer for question: If a card is drawn at random from a deck of 52 cards, what is the probability of drawing a face card (Jack, Queen, King)?
Mar 25, 2025 5:13:40 PM Client.Player.controller.GameController updateComboUI
INFO: 
GameController: Updating combo display: 0
Mar 25, 2025 5:13:41 PM Client.Player.controller.GameController checkAnswer
WARNING: 
GameController: Wrong answer for question: If you roll two dice, what is the probability of rolling a double (both dice show the same number)?
Mar 25, 2025 5:13:41 PM Client.Player.controller.GameController updateComboUI
INFO: 
GameController: Updating combo display: 0
Mar 25, 2025 5:13:42 PM Client.Player.controller.GameController checkAnswer
WARNING: 
GameController: Wrong answer for question: If two dice are rolled, what is the probability of getting a sum of 7?
Mar 25, 2025 5:13:42 PM Client.Player.controller.GameController updateComboUI
INFO: 
GameController: Updating combo display: 0
Mar 25, 2025 5:13:43 PM Client.Player.controller.GameController checkAnswer
WARNING: 
GameController: Wrong answer for question: What is the probability of flipping two coins and getting at least one head?
Mar 25, 2025 5:13:43 PM Client.Player.controller.GameController updateComboUI
INFO: 
GameController: Updating combo display: 0
Mar 25, 2025 5:13:46 PM Client.Player.controller.GameController checkAnswer
WARNING: 
GameController: Wrong answer for question: What is the probability of rolling an even number on a standard six-sided die?
Mar 25, 2025 5:13:46 PM Client.Player.controller.GameController updateComboUI
INFO: 
GameController: Updating combo display: 0
Mar 25, 2025 5:13:48 PM Client.Player.controller.GameController checkAnswer
WARNING: 
GameController: Wrong answer for question: If you draw a card from a deck of 52 cards, what is the probability that it is either a Queen or a King?
Mar 25, 2025 5:13:48 PM Client.Player.controller.GameController updateComboUI
INFO: 
GameController: Updating combo display: 0
Mar 25, 2025 5:13:49 PM Client.Player.controller.GameController handleForfeit
INFO: 
GameController: Player forfeited. Stopping game...
Mar 25, 2025 5:13:49 PM Client.Player.controller.GameController lambda$sendScoreToServer$3
INFO: 
GameController: Score successfully sent to the server.
Mar 25, 2025 5:13:49 PM Client.Player.controller.GameController lambda$switchToScoreView$2
INFO: 
GameController: Successfully switched to the Score view.
Mar 25, 2025 5:14:01 PM Client.common.connection.ClientConnection <init>
INFO: 
ClientConnection: Attempting to connect to server...
Mar 25, 2025 5:14:01 PM Client.common.connection.ClientConnection <init>
INFO: 
ClientConnection: Connected to server successfully!
Mar 25, 2025 5:17:08 PM Client.common.connection.ClientConnection <init>
INFO: 
ClientConnection: Attempting to connect to server...
Mar 25, 2025 5:17:08 PM Client.common.connection.ClientConnection <init>
WARNING: ⚠ Server is not running. The client will continue in offline mode.
Mar 25, 2025 5:17:08 PM Client.common.connection.ClientConnection <init>
WARNING: ⚠ Connection failed. Retrying in 5 seconds...
Mar 25, 2025 5:17:13 PM Client.common.connection.ClientConnection <init>
INFO: 
ClientConnection: Connected to server successfully!
Mar 25, 2025 5:17:16 PM Client.common.connection.ClientConnection <init>
INFO: 
ClientConnection: Attempting to connect to server...
Mar 25, 2025 5:17:16 PM Client.common.connection.ClientConnection <init>
INFO: 
ClientConnection: Connected to server successfully!
Mar 25, 2025 5:24:22 PM Client.common.connection.ClientConnection <init>
INFO: 
ClientConnection: Attempting to connect to server...
Mar 25, 2025 5:24:22 PM Client.common.connection.ClientConnection <init>
INFO: 
ClientConnection: Connected to server successfully!
Mar 25, 2025 5:33:16 PM Client.common.connection.ClientConnection <init>
INFO: 
ClientConnection: Attempting to connect to server...
Mar 25, 2025 5:33:16 PM Client.common.connection.ClientConnection <init>
INFO: 
ClientConnection: Connected to server successfully!
Mar 25, 2025 5:33:50 PM Client.common.connection.ClientConnection <init>
INFO: 
ClientConnection: Attempting to connect to server...
Mar 25, 2025 5:33:50 PM Client.common.connection.ClientConnection <init>
INFO: 
ClientConnection: Connected to server successfully!
Mar 25, 2025 5:47:51 PM Client.common.connection.ClientConnection <init>
INFO: 
ClientConnection: Attempting to connect to server...
Mar 25, 2025 5:47:51 PM Client.common.connection.ClientConnection <init>
WARNING: ⚠ Server is not running. The client will continue in offline mode.
Mar 25, 2025 5:47:51 PM Client.common.connection.ClientConnection <init>
WARNING: ⚠ Connection failed. Retrying in 5 seconds...
Mar 25, 2025 5:47:56 PM Client.common.connection.ClientConnection <init>
INFO: 
ClientConnection: Connected to server successfully!
